# OUTPUT OF MISAK MODEL. NUMBER:2
#   F2N is      0.33
#COL1 tp - momentum of proton in nucleus
#COL2  p_rt- transverse momentum of recoil nucleon vs q
#COL3 si-integrated cross section by recoil nucleons         azimuthal angle
  0.0050 0.2037E-01 0.3162E+01
  0.0100 0.5394E-01 0.2954E+01
  0.0150 0.7349E-01 0.2763E+01
  0.0200 0.8882E-01 0.2591E+01
  0.0250 0.1018E+00 0.2435E+01
  0.0300 0.1134E+00 0.2293E+01
  0.0350 0.1238E+00 0.2164E+01
  0.0400 0.1334E+00 0.2046E+01
  0.0450 0.1424E+00 0.1938E+01
  0.0500 0.1508E+00 0.1839E+01
  0.0550 0.1588E+00 0.1749E+01
  0.0600 0.1663E+00 0.1665E+01
  0.0650 0.1736E+00 0.1588E+01
  0.0700 0.1805E+00 0.1518E+01
  0.0750 0.1872E+00 0.1452E+01
  0.0800 0.1936E+00 0.1392E+01
  0.0850 0.1998E+00 0.1335E+01
  0.0900 0.2058E+00 0.1283E+01
  0.0950 0.2116E+00 0.1235E+01
  0.1000 0.2173E+00 0.1191E+01
  0.1050 0.2228E+00 0.1149E+01
  0.1100 0.2282E+00 0.1111E+01
  0.1150 0.2335E+00 0.1075E+01
  0.1200 0.2386E+00 0.1042E+01
  0.1250 0.2436E+00 0.1012E+01
  0.1300 0.2485E+00 0.9831E+00
  0.1350 0.2533E+00 0.9561E+00
  0.1400 0.2580E+00 0.9318E+00
  0.1450 0.2626E+00 0.9089E+00
  0.1500 0.2672E+00 0.8877E+00
  0.1550 0.2716E+00 0.8680E+00
  0.1600 0.2760E+00 0.8493E+00
  0.1650 0.2803E+00 0.8325E+00
  0.1700 0.2845E+00 0.8171E+00
  0.1750 0.2887E+00 0.8025E+00
  0.1800 0.2928E+00 0.7891E+00
  0.1850 0.2968E+00 0.7767E+00
  0.1900 0.3008E+00 0.7656E+00
  0.1950 0.3047E+00 0.7548E+00
  0.2000 0.3086E+00 0.7451E+00
  0.2050 0.3124E+00 0.7366E+00
  0.2100 0.3162E+00 0.7285E+00
  0.2150 0.3199E+00 0.7204E+00
  0.2200 0.3235E+00 0.7140E+00
  0.2250 0.3272E+00 0.7079E+00
  0.2300 0.3307E+00 0.7022E+00
  0.2350 0.3343E+00 0.6969E+00
  0.2400 0.3378E+00 0.6926E+00
  0.2450 0.3412E+00 0.6886E+00
  0.2500 0.3446E+00 0.6850E+00
  0.2550 0.3480E+00 0.6816E+00
  0.2600 0.3513E+00 0.6787E+00
  0.2650 0.3546E+00 0.6765E+00
  0.2700 0.3579E+00 0.6743E+00
  0.2750 0.3611E+00 0.6726E+00
  0.2800 0.3643E+00 0.6711E+00
  0.2850 0.3675E+00 0.6696E+00
  0.2900 0.3707E+00 0.6689E+00
  0.2950 0.3738E+00 0.6683E+00
  0.3000 0.3768E+00 0.6677E+00
  0.3050 0.3799E+00 0.6675E+00
  0.3100 0.3829E+00 0.6675E+00
  0.3150 0.3859E+00 0.6674E+00
  0.3200 0.3889E+00 0.6680E+00
  0.3250 0.3918E+00 0.6684E+00
  0.3300 0.3948E+00 0.6691E+00
  0.3350 0.3976E+00 0.6698E+00
  0.3400 0.4005E+00 0.6707E+00
  0.3450 0.4034E+00 0.6717E+00
  0.3500 0.4062E+00 0.6728E+00
  0.3550 0.4090E+00 0.6740E+00
  0.3600 0.4118E+00 0.6753E+00
  0.3650 0.4145E+00 0.6766E+00
  0.3700 0.4172E+00 0.6781E+00
  0.3750 0.4200E+00 0.6796E+00
  0.3800 0.4227E+00 0.6814E+00
  0.3850 0.4253E+00 0.6830E+00
  0.3900 0.4280E+00 0.6846E+00
  0.3950 0.4306E+00 0.6864E+00
  0.4000 0.4332E+00 0.6883E+00
  0.4050 0.4358E+00 0.6901E+00
  0.4100 0.4384E+00 0.6918E+00
  0.4150 0.4410E+00 0.6941E+00
  0.4200 0.4435E+00 0.6959E+00
  0.4250 0.4460E+00 0.6976E+00
  0.4300 0.4485E+00 0.6997E+00
  0.4350 0.4510E+00 0.7016E+00
  0.4400 0.4535E+00 0.7040E+00
  0.4450 0.4559E+00 0.7054E+00
  0.4500 0.4584E+00 0.7075E+00
  0.4550 0.4608E+00 0.7098E+00
  0.4600 0.4632E+00 0.7116E+00
  0.4650 0.4656E+00 0.7137E+00
  0.4700 0.4680E+00 0.7152E+00
  0.4750 0.4704E+00 0.7174E+00
  0.4800 0.4727E+00 0.7197E+00
  0.4850 0.4751E+00 0.7213E+00
  0.4900 0.4774E+00 0.7231E+00
  0.4950 0.4797E+00 0.7251E+00
  0.5000 0.4820E+00 0.7268E+00
  0.5050 0.4843E+00 0.7286E+00
  0.5100 0.4865E+00 0.7310E+00
  0.5150 0.4888E+00 0.7322E+00
  0.5200 0.4910E+00 0.7343E+00
  0.5250 0.4933E+00 0.7361E+00
  0.5300 0.4955E+00 0.7377E+00
  0.5350 0.4977E+00 0.7393E+00
  0.5400 0.4999E+00 0.7413E+00
  0.5450 0.5021E+00 0.7425E+00
  0.5500 0.5042E+00 0.7439E+00
  0.5550 0.5064E+00 0.7462E+00
  0.5600 0.5085E+00 0.7473E+00
  0.5650 0.5107E+00 0.7490E+00
  0.5700 0.5128E+00 0.7504E+00
  0.5750 0.5149E+00 0.7516E+00
  0.5800 0.5170E+00 0.7525E+00
  0.5850 0.5191E+00 0.7540E+00
  0.5900 0.5212E+00 0.7552E+00
  0.5950 0.5232E+00 0.7570E+00
  0.6000 0.5253E+00 0.7579E+00
  0.6050 0.5274E+00 0.7598E+00
  0.6100 0.5294E+00 0.7613E+00
  0.6150 0.5314E+00 0.7620E+00
  0.6200 0.5334E+00 0.7631E+00
  0.6250 0.5355E+00 0.7645E+00
  0.6300 0.5375E+00 0.7645E+00
  0.6350 0.5394E+00 0.7659E+00
  0.6400 0.5414E+00 0.7668E+00
  0.6450 0.5434E+00 0.7678E+00
  0.6500 0.5454E+00 0.7697E+00
  0.6550 0.5473E+00 0.7694E+00
  0.6600 0.5493E+00 0.7703E+00
  0.6650 0.5512E+00 0.7711E+00
  0.6700 0.5531E+00 0.7718E+00
  0.6750 0.5550E+00 0.7725E+00
  0.6800 0.5570E+00 0.7725E+00
  0.6850 0.5589E+00 0.7733E+00
  0.6900 0.5608E+00 0.7748E+00
  0.6950 0.5626E+00 0.7742E+00
  0.7000 0.5645E+00 0.7749E+00
  0.7050 0.5664E+00 0.7754E+00
  0.7100 0.5682E+00 0.7760E+00
  0.7150 0.5701E+00 0.7758E+00
  0.7200 0.5719E+00 0.7776E+00
  0.7250 0.5738E+00 0.7772E+00
  0.7300 0.5756E+00 0.7777E+00
  0.7350 0.5774E+00 0.7781E+00
  0.7400 0.5792E+00 0.7781E+00
  0.7450 0.5811E+00 0.7775E+00
  0.7500 0.5828E+00 0.7777E+00
  0.7550 0.5846E+00 0.7783E+00
  0.7600 0.5864E+00 0.7776E+00
  0.7650 0.5882E+00 0.7781E+00
  0.7700 0.5900E+00 0.7784E+00
  0.7750 0.5917E+00 0.7783E+00
  0.7800 0.5935E+00 0.7783E+00
  0.7850 0.5952E+00 0.7781E+00
  0.7900 0.5970E+00 0.7774E+00
  0.7950 0.5987E+00 0.7788E+00
  0.8000 0.6005E+00 0.7785E+00
  0.8050 0.6022E+00 0.7766E+00
  0.8100 0.6039E+00 0.7781E+00
  0.8150 0.6056E+00 0.7759E+00
  0.8200 0.6073E+00 0.7773E+00
  0.8250 0.6090E+00 0.7749E+00
  0.8300 0.6107E+00 0.7747E+00
  0.8350 0.6124E+00 0.7741E+00
  0.8400 0.6141E+00 0.7754E+00
  0.8450 0.6157E+00 0.7744E+00
  0.8500 0.6174E+00 0.7742E+00
  0.8550 0.6190E+00 0.7725E+00
  0.8600 0.6207E+00 0.7725E+00
  0.8650 0.6224E+00 0.7717E+00
  0.8700 0.6240E+00 0.7708E+00
  0.8750 0.6256E+00 0.7700E+00
  0.8800 0.6273E+00 0.7688E+00
  0.8850 0.6289E+00 0.7692E+00
  0.8900 0.6305E+00 0.7680E+00
  0.8950 0.6321E+00 0.7671E+00
  0.9000 0.6337E+00 0.7647E+00
  0.9050 0.6353E+00 0.7658E+00
  0.9100 0.6369E+00 0.7651E+00
  0.9150 0.6385E+00 0.7631E+00
  0.9200 0.6401E+00 0.7629E+00
  0.9250 0.6417E+00 0.7610E+00
  0.9300 0.6432E+00 0.7608E+00
  0.9350 0.6448E+00 0.7604E+00
  0.9400 0.6464E+00 0.7595E+00
  0.9450 0.6479E+00 0.7587E+00
  0.9500 0.6495E+00 0.7582E+00
  0.9550 0.6510E+00 0.7558E+00
  0.9600 0.6526E+00 0.7560E+00
  0.9650 0.6541E+00 0.7524E+00
  0.9700 0.6557E+00 0.7517E+00
  0.9750 0.6572E+00 0.7499E+00
  0.9800 0.6587E+00 0.7493E+00
  0.9850 0.6602E+00 0.7492E+00
  0.9900 0.6617E+00 0.7481E+00
  0.9950 0.6632E+00 0.7444E+00
  1.0000 0.6648E+00 0.7441E+00
