#*OUTPUT EVTP
#*EVENT NRS IN MEASUREMENT OF TPRIME DISTRIBUTION
#  0.10000E+07     ULUMI (1/NB)
#            2     IPN
#  2002.442000     SED
#     0.030000     X
#     0.020000     XBIN
#    17.500000     QQ
#     5.000000     QQBIN
#     1.000000     ALR
#     0.020000     ALRBIN
#     0.005000     TPBIN
#          200     NBIN
#    -0.004167     TP0 -- TMPMIN(ABS)
#    -0.004169     TP1 -- TMPMIN(ALR)
#     0.029265     RES
#     0.538458     F2N
#*
#*COL1  TP     TPRIME (GEV**2)
#*COL2  PR2    SQUARED RECOIL 3-MOM RF (GEV**2)
#*COL3  PTR    RECOIL TRANSVERSE MOMENTUM (GEV)
#*COL4  FSIG   TAGGED DIFF CROSS SECN (NB/GEV**4)
#*COL5  UNUM   EVENT NUMBER IN BIN
#*COL6  F2/SPOL   TAGGED F2/POLE FACTOR
 -0.0050 0.4167E-03 0.2037E-01 0.9814E+04 0.1539E+06 0.5042E+00
 -0.0100 0.2917E-02 0.5394E-01 0.2304E+04 0.3608E+05 0.4734E+00
 -0.0150 0.5417E-02 0.7349E-01 0.9633E+03 0.1507E+05 0.4454E+00
 -0.0200 0.7917E-02 0.8882E-01 0.5108E+03 0.7979E+04 0.4199E+00
 -0.0250 0.1042E-01 0.1018E+00 0.3088E+03 0.4817E+04 0.3966E+00
 -0.0300 0.1292E-01 0.1134E+00 0.2029E+03 0.3161E+04 0.3753E+00
 -0.0350 0.1542E-01 0.1238E+00 0.1413E+03 0.2198E+04 0.3558E+00
 -0.0400 0.1792E-01 0.1334E+00 0.1027E+03 0.1596E+04 0.3378E+00
 -0.0450 0.2042E-01 0.1424E+00 0.7719E+02 0.1197E+04 0.3212E+00
 -0.0500 0.2292E-01 0.1508E+00 0.5953E+02 0.9221E+03 0.3058E+00
 -0.0550 0.2542E-01 0.1588E+00 0.4692E+02 0.7257E+03 0.2916E+00
 -0.0600 0.2792E-01 0.1663E+00 0.3764E+02 0.5814E+03 0.2784E+00
 -0.0650 0.3042E-01 0.1736E+00 0.3066E+02 0.4729E+03 0.2662E+00
 -0.0700 0.3292E-01 0.1805E+00 0.2530E+02 0.3897E+03 0.2548E+00
 -0.0750 0.3542E-01 0.1872E+00 0.2112E+02 0.3248E+03 0.2441E+00
 -0.0800 0.3792E-01 0.1936E+00 0.1780E+02 0.2735E+03 0.2341E+00
 -0.0850 0.4042E-01 0.1998E+00 0.1514E+02 0.2323E+03 0.2248E+00
 -0.0900 0.4292E-01 0.2058E+00 0.1298E+02 0.1988E+03 0.2160E+00
 -0.0950 0.4542E-01 0.2116E+00 0.1121E+02 0.1714E+03 0.2078E+00
 -0.1000 0.4792E-01 0.2173E+00 0.9736E+01 0.1488E+03 0.2001E+00
 -0.1050 0.5042E-01 0.2228E+00 0.8510E+01 0.1299E+03 0.1928E+00
 -0.1100 0.5292E-01 0.2282E+00 0.7478E+01 0.1140E+03 0.1859E+00
 -0.1150 0.5542E-01 0.2335E+00 0.6604E+01 0.1005E+03 0.1795E+00
 -0.1200 0.5792E-01 0.2386E+00 0.5858E+01 0.8903E+02 0.1733E+00
 -0.1250 0.6042E-01 0.2436E+00 0.5218E+01 0.7920E+02 0.1676E+00
 -0.1300 0.6292E-01 0.2485E+00 0.4667E+01 0.7074E+02 0.1621E+00
 -0.1350 0.6542E-01 0.2533E+00 0.4189E+01 0.6341E+02 0.1569E+00
 -0.1400 0.6792E-01 0.2580E+00 0.3772E+01 0.5703E+02 0.1519E+00
 -0.1450 0.7042E-01 0.2626E+00 0.3408E+01 0.5146E+02 0.1473E+00
 -0.1500 0.7292E-01 0.2672E+00 0.3088E+01 0.4657E+02 0.1428E+00
 -0.1550 0.7542E-01 0.2716E+00 0.2806E+01 0.4226E+02 0.1386E+00
 -0.1600 0.7792E-01 0.2760E+00 0.2557E+01 0.3846E+02 0.1345E+00
 -0.1650 0.8042E-01 0.2803E+00 0.2336E+01 0.3508E+02 0.1307E+00
 -0.1700 0.8292E-01 0.2845E+00 0.2138E+01 0.3208E+02 0.1270E+00
 -0.1750 0.8542E-01 0.2887E+00 0.1962E+01 0.2939E+02 0.1235E+00
 -0.1800 0.8792E-01 0.2928E+00 0.1804E+01 0.2700E+02 0.1201E+00
 -0.1850 0.9042E-01 0.2968E+00 0.1663E+01 0.2484E+02 0.1169E+00
 -0.1900 0.9292E-01 0.3008E+00 0.1535E+01 0.2290E+02 0.1139E+00
 -0.1950 0.9542E-01 0.3047E+00 0.1420E+01 0.2116E+02 0.1109E+00
 -0.2000 0.9792E-01 0.3086E+00 0.1315E+01 0.1958E+02 0.1081E+00
 -0.2050 0.1004E+00 0.3124E+00 0.1221E+01 0.1815E+02 0.1054E+00
 -0.2100 0.1029E+00 0.3162E+00 0.1135E+01 0.1685E+02 0.1028E+00
 -0.2150 0.1054E+00 0.3199E+00 0.1056E+01 0.1566E+02 0.1003E+00
 -0.2200 0.1079E+00 0.3235E+00 0.9848E+00 0.1458E+02 0.9795E-01
 -0.2250 0.1104E+00 0.3272E+00 0.9195E+00 0.1360E+02 0.9565E-01
 -0.2300 0.1129E+00 0.3307E+00 0.8596E+00 0.1270E+02 0.9345E-01
 -0.2350 0.1154E+00 0.3343E+00 0.8047E+00 0.1187E+02 0.9132E-01
 -0.2400 0.1179E+00 0.3378E+00 0.7543E+00 0.1111E+02 0.8928E-01
 -0.2450 0.1204E+00 0.3412E+00 0.7078E+00 0.1042E+02 0.8731E-01
 -0.2500 0.1229E+00 0.3446E+00 0.6650E+00 0.9774E+01 0.8541E-01
 -0.2550 0.1254E+00 0.3480E+00 0.6255E+00 0.9182E+01 0.8358E-01
 -0.2600 0.1279E+00 0.3513E+00 0.5889E+00 0.8635E+01 0.8181E-01
 -0.2650 0.1304E+00 0.3546E+00 0.5551E+00 0.8129E+01 0.8011E-01
 -0.2700 0.1329E+00 0.3579E+00 0.5238E+00 0.7660E+01 0.7846E-01
 -0.2750 0.1354E+00 0.3611E+00 0.4947E+00 0.7226E+01 0.7687E-01
 -0.2800 0.1379E+00 0.3643E+00 0.4676E+00 0.6822E+01 0.7533E-01
 -0.2850 0.1404E+00 0.3675E+00 0.4424E+00 0.6447E+01 0.7385E-01
 -0.2900 0.1429E+00 0.3707E+00 0.4190E+00 0.6098E+01 0.7241E-01
 -0.2950 0.1454E+00 0.3738E+00 0.3971E+00 0.5773E+01 0.7102E-01
 -0.3000 0.1479E+00 0.3768E+00 0.3767E+00 0.5470E+01 0.6967E-01
 -0.3050 0.1504E+00 0.3799E+00 0.3577E+00 0.5187E+01 0.6837E-01
 -0.3100 0.1529E+00 0.3829E+00 0.3398E+00 0.4922E+01 0.6711E-01
 -0.3150 0.1554E+00 0.3859E+00 0.3231E+00 0.4674E+01 0.6588E-01
 -0.3200 0.1579E+00 0.3889E+00 0.3075E+00 0.4442E+01 0.6470E-01
 -0.3250 0.1604E+00 0.3918E+00 0.2928E+00 0.4225E+01 0.6355E-01
 -0.3300 0.1629E+00 0.3948E+00 0.2790E+00 0.4021E+01 0.6243E-01
 -0.3350 0.1654E+00 0.3976E+00 0.2660E+00 0.3830E+01 0.6135E-01
 -0.3400 0.1679E+00 0.4005E+00 0.2538E+00 0.3650E+01 0.6029E-01
 -0.3450 0.1704E+00 0.4034E+00 0.2423E+00 0.3481E+01 0.5927E-01
 -0.3500 0.1729E+00 0.4062E+00 0.2315E+00 0.3321E+01 0.5828E-01
 -0.3550 0.1754E+00 0.4090E+00 0.2213E+00 0.3171E+01 0.5732E-01
 -0.3600 0.1779E+00 0.4118E+00 0.2117E+00 0.3030E+01 0.5638E-01
 -0.3650 0.1804E+00 0.4145E+00 0.2026E+00 0.2896E+01 0.5547E-01
 -0.3700 0.1829E+00 0.4172E+00 0.1940E+00 0.2770E+01 0.5458E-01
 -0.3750 0.1854E+00 0.4200E+00 0.1859E+00 0.2651E+01 0.5372E-01
 -0.3800 0.1879E+00 0.4227E+00 0.1782E+00 0.2539E+01 0.5288E-01
 -0.3850 0.1904E+00 0.4253E+00 0.1709E+00 0.2432E+01 0.5206E-01
 -0.3900 0.1929E+00 0.4280E+00 0.1640E+00 0.2331E+01 0.5127E-01
 -0.3950 0.1954E+00 0.4306E+00 0.1575E+00 0.2235E+01 0.5049E-01
 -0.4000 0.1979E+00 0.4332E+00 0.1513E+00 0.2145E+01 0.4974E-01
 -0.4050 0.2004E+00 0.4358E+00 0.1454E+00 0.2059E+01 0.4900E-01
 -0.4100 0.2029E+00 0.4384E+00 0.1398E+00 0.1977E+01 0.4829E-01
 -0.4150 0.2054E+00 0.4410E+00 0.1345E+00 0.1900E+01 0.4759E-01
 -0.4200 0.2079E+00 0.4435E+00 0.1294E+00 0.1826E+01 0.4690E-01
 -0.4250 0.2104E+00 0.4460E+00 0.1246E+00 0.1756E+01 0.4624E-01
 -0.4300 0.2129E+00 0.4485E+00 0.1200E+00 0.1690E+01 0.4559E-01
 -0.4350 0.2154E+00 0.4510E+00 0.1156E+00 0.1626E+01 0.4496E-01
 -0.4400 0.2179E+00 0.4535E+00 0.1115E+00 0.1566E+01 0.4434E-01
 -0.4450 0.2204E+00 0.4559E+00 0.1075E+00 0.1508E+01 0.4374E-01
 -0.4500 0.2229E+00 0.4584E+00 0.1037E+00 0.1453E+01 0.4315E-01
 -0.4550 0.2254E+00 0.4608E+00 0.1001E+00 0.1401E+01 0.4257E-01
 -0.4600 0.2279E+00 0.4632E+00 0.9662E-01 0.1351E+01 0.4201E-01
 -0.4650 0.2304E+00 0.4656E+00 0.9331E-01 0.1304E+01 0.4146E-01
 -0.4700 0.2329E+00 0.4680E+00 0.9016E-01 0.1258E+01 0.4093E-01
 -0.4750 0.2354E+00 0.4704E+00 0.8714E-01 0.1215E+01 0.4040E-01
 -0.4800 0.2379E+00 0.4727E+00 0.8425E-01 0.1173E+01 0.3989E-01
 -0.4850 0.2404E+00 0.4751E+00 0.8148E-01 0.1133E+01 0.3939E-01
 -0.4900 0.2429E+00 0.4774E+00 0.7883E-01 0.1095E+01 0.3890E-01
 -0.4950 0.2454E+00 0.4797E+00 0.7630E-01 0.1059E+01 0.3842E-01
 -0.5000 0.2479E+00 0.4820E+00 0.7386E-01 0.1024E+01 0.3795E-01
 -0.5050 0.2504E+00 0.4843E+00 0.7153E-01 0.9904E+00 0.3749E-01
 -0.5100 0.2529E+00 0.4865E+00 0.6929E-01 0.9584E+00 0.3704E-01
 -0.5150 0.2554E+00 0.4888E+00 0.6715E-01 0.9277E+00 0.3660E-01
 -0.5200 0.2579E+00 0.4910E+00 0.6509E-01 0.8982E+00 0.3616E-01
 -0.5250 0.2604E+00 0.4933E+00 0.6311E-01 0.8699E+00 0.3574E-01
 -0.5300 0.2629E+00 0.4955E+00 0.6120E-01 0.8428E+00 0.3533E-01
 -0.5350 0.2654E+00 0.4977E+00 0.5938E-01 0.8167E+00 0.3492E-01
 -0.5400 0.2679E+00 0.4999E+00 0.5762E-01 0.7917E+00 0.3453E-01
 -0.5450 0.2704E+00 0.5021E+00 0.5593E-01 0.7677E+00 0.3414E-01
 -0.5500 0.2729E+00 0.5042E+00 0.5430E-01 0.7445E+00 0.3376E-01
 -0.5550 0.2754E+00 0.5064E+00 0.5274E-01 0.7223E+00 0.3338E-01
 -0.5600 0.2779E+00 0.5085E+00 0.5123E-01 0.7009E+00 0.3302E-01
 -0.5650 0.2804E+00 0.5107E+00 0.4978E-01 0.6803E+00 0.3266E-01
 -0.5700 0.2829E+00 0.5128E+00 0.4839E-01 0.6605E+00 0.3230E-01
 -0.5750 0.2854E+00 0.5149E+00 0.4704E-01 0.6415E+00 0.3196E-01
 -0.5800 0.2879E+00 0.5170E+00 0.4574E-01 0.6231E+00 0.3162E-01
 -0.5850 0.2904E+00 0.5191E+00 0.4449E-01 0.6054E+00 0.3129E-01
 -0.5900 0.2929E+00 0.5212E+00 0.4328E-01 0.5884E+00 0.3096E-01
 -0.5950 0.2954E+00 0.5232E+00 0.4212E-01 0.5719E+00 0.3064E-01
 -0.6000 0.2979E+00 0.5253E+00 0.4099E-01 0.5561E+00 0.3033E-01
 -0.6050 0.3004E+00 0.5274E+00 0.3991E-01 0.5408E+00 0.3002E-01
 -0.6100 0.3029E+00 0.5294E+00 0.3886E-01 0.5260E+00 0.2971E-01
 -0.6150 0.3054E+00 0.5314E+00 0.3785E-01 0.5118E+00 0.2942E-01
 -0.6200 0.3079E+00 0.5334E+00 0.3687E-01 0.4980E+00 0.2913E-01
 -0.6250 0.3104E+00 0.5355E+00 0.3593E-01 0.4848E+00 0.2884E-01
 -0.6300 0.3129E+00 0.5375E+00 0.3501E-01 0.4719E+00 0.2856E-01
 -0.6350 0.3154E+00 0.5394E+00 0.3413E-01 0.4595E+00 0.2828E-01
 -0.6400 0.3179E+00 0.5414E+00 0.3327E-01 0.4476E+00 0.2801E-01
 -0.6450 0.3204E+00 0.5434E+00 0.3245E-01 0.4360E+00 0.2774E-01
 -0.6500 0.3229E+00 0.5454E+00 0.3165E-01 0.4248E+00 0.2748E-01
 -0.6550 0.3254E+00 0.5473E+00 0.3087E-01 0.4140E+00 0.2722E-01
 -0.6600 0.3279E+00 0.5493E+00 0.3012E-01 0.4035E+00 0.2697E-01
 -0.6650 0.3304E+00 0.5512E+00 0.2940E-01 0.3934E+00 0.2672E-01
 -0.6700 0.3329E+00 0.5531E+00 0.2870E-01 0.3836E+00 0.2647E-01
 -0.6750 0.3354E+00 0.5550E+00 0.2801E-01 0.3741E+00 0.2623E-01
 -0.6800 0.3379E+00 0.5570E+00 0.2735E-01 0.3649E+00 0.2599E-01
 -0.6850 0.3404E+00 0.5589E+00 0.2671E-01 0.3560E+00 0.2576E-01
 -0.6900 0.3429E+00 0.5608E+00 0.2609E-01 0.3474E+00 0.2553E-01
 -0.6950 0.3454E+00 0.5626E+00 0.2549E-01 0.3390E+00 0.2530E-01
 -0.7000 0.3479E+00 0.5645E+00 0.2491E-01 0.3309E+00 0.2508E-01
 -0.7050 0.3504E+00 0.5664E+00 0.2434E-01 0.3231E+00 0.2486E-01
 -0.7100 0.3529E+00 0.5682E+00 0.2379E-01 0.3155E+00 0.2465E-01
 -0.7150 0.3554E+00 0.5701E+00 0.2326E-01 0.3081E+00 0.2443E-01
 -0.7200 0.3579E+00 0.5719E+00 0.2274E-01 0.3009E+00 0.2423E-01
 -0.7250 0.3604E+00 0.5738E+00 0.2224E-01 0.2940E+00 0.2402E-01
 -0.7300 0.3629E+00 0.5756E+00 0.2175E-01 0.2872E+00 0.2382E-01
 -0.7350 0.3654E+00 0.5774E+00 0.2128E-01 0.2807E+00 0.2362E-01
 -0.7400 0.3679E+00 0.5792E+00 0.2082E-01 0.2743E+00 0.2342E-01
 -0.7450 0.3704E+00 0.5811E+00 0.2037E-01 0.2682E+00 0.2323E-01
 -0.7500 0.3729E+00 0.5828E+00 0.1993E-01 0.2622E+00 0.2304E-01
 -0.7550 0.3754E+00 0.5846E+00 0.1951E-01 0.2564E+00 0.2285E-01
 -0.7600 0.3779E+00 0.5864E+00 0.1910E-01 0.2507E+00 0.2267E-01
 -0.7650 0.3804E+00 0.5882E+00 0.1870E-01 0.2452E+00 0.2249E-01
 -0.7700 0.3829E+00 0.5900E+00 0.1831E-01 0.2399E+00 0.2231E-01
 -0.7750 0.3854E+00 0.5917E+00 0.1793E-01 0.2347E+00 0.2213E-01
 -0.7800 0.3879E+00 0.5935E+00 0.1757E-01 0.2297E+00 0.2196E-01
 -0.7850 0.3904E+00 0.5952E+00 0.1721E-01 0.2248E+00 0.2179E-01
 -0.7900 0.3929E+00 0.5970E+00 0.1686E-01 0.2200E+00 0.2162E-01
 -0.7950 0.3954E+00 0.5987E+00 0.1652E-01 0.2153E+00 0.2145E-01
 -0.8000 0.3979E+00 0.6005E+00 0.1619E-01 0.2108E+00 0.2129E-01
 -0.8050 0.4004E+00 0.6022E+00 0.1587E-01 0.2064E+00 0.2113E-01
 -0.8100 0.4029E+00 0.6039E+00 0.1555E-01 0.2022E+00 0.2097E-01
 -0.8150 0.4054E+00 0.6056E+00 0.1525E-01 0.1980E+00 0.2081E-01
 -0.8200 0.4079E+00 0.6073E+00 0.1495E-01 0.1940E+00 0.2066E-01
 -0.8250 0.4104E+00 0.6090E+00 0.1466E-01 0.1900E+00 0.2051E-01
 -0.8300 0.4129E+00 0.6107E+00 0.1438E-01 0.1862E+00 0.2035E-01
 -0.8350 0.4154E+00 0.6124E+00 0.1410E-01 0.1824E+00 0.2021E-01
 -0.8400 0.4179E+00 0.6141E+00 0.1383E-01 0.1788E+00 0.2006E-01
 -0.8450 0.4204E+00 0.6157E+00 0.1357E-01 0.1752E+00 0.1992E-01
 -0.8500 0.4229E+00 0.6174E+00 0.1332E-01 0.1718E+00 0.1977E-01
 -0.8550 0.4254E+00 0.6190E+00 0.1307E-01 0.1684E+00 0.1963E-01
 -0.8600 0.4279E+00 0.6207E+00 0.1283E-01 0.1651E+00 0.1949E-01
 -0.8650 0.4304E+00 0.6224E+00 0.1259E-01 0.1619E+00 0.1936E-01
 -0.8700 0.4329E+00 0.6240E+00 0.1236E-01 0.1588E+00 0.1922E-01
 -0.8750 0.4354E+00 0.6256E+00 0.1213E-01 0.1557E+00 0.1909E-01
 -0.8800 0.4379E+00 0.6273E+00 0.1191E-01 0.1528E+00 0.1896E-01
 -0.8850 0.4404E+00 0.6289E+00 0.1170E-01 0.1499E+00 0.1883E-01
 -0.8900 0.4429E+00 0.6305E+00 0.1149E-01 0.1471E+00 0.1870E-01
 -0.8950 0.4454E+00 0.6321E+00 0.1128E-01 0.1443E+00 0.1857E-01
 -0.9000 0.4479E+00 0.6337E+00 0.1108E-01 0.1416E+00 0.1845E-01
 -0.9050 0.4504E+00 0.6353E+00 0.1089E-01 0.1390E+00 0.1832E-01
 -0.9100 0.4529E+00 0.6369E+00 0.1070E-01 0.1364E+00 0.1820E-01
 -0.9150 0.4554E+00 0.6385E+00 0.1051E-01 0.1339E+00 0.1808E-01
 -0.9200 0.4579E+00 0.6401E+00 0.1033E-01 0.1315E+00 0.1796E-01
 -0.9250 0.4604E+00 0.6417E+00 0.1015E-01 0.1291E+00 0.1785E-01
 -0.9300 0.4629E+00 0.6432E+00 0.9977E-02 0.1268E+00 0.1773E-01
 -0.9350 0.4654E+00 0.6448E+00 0.9807E-02 0.1245E+00 0.1762E-01
 -0.9400 0.4679E+00 0.6464E+00 0.9640E-02 0.1223E+00 0.1750E-01
 -0.9450 0.4704E+00 0.6479E+00 0.9478E-02 0.1201E+00 0.1739E-01
 -0.9500 0.4729E+00 0.6495E+00 0.9319E-02 0.1180E+00 0.1728E-01
 -0.9550 0.4754E+00 0.6510E+00 0.9164E-02 0.1159E+00 0.1717E-01
 -0.9600 0.4779E+00 0.6526E+00 0.9012E-02 0.1139E+00 0.1707E-01
 -0.9650 0.4804E+00 0.6541E+00 0.8863E-02 0.1119E+00 0.1696E-01
 -0.9700 0.4829E+00 0.6557E+00 0.8718E-02 0.1099E+00 0.1686E-01
 -0.9750 0.4854E+00 0.6572E+00 0.8576E-02 0.1081E+00 0.1675E-01
 -0.9800 0.4879E+00 0.6587E+00 0.8436E-02 0.1062E+00 0.1665E-01
 -0.9850 0.4904E+00 0.6602E+00 0.8300E-02 0.1044E+00 0.1655E-01
 -0.9900 0.4929E+00 0.6617E+00 0.8167E-02 0.1026E+00 0.1645E-01
 -0.9950 0.4954E+00 0.6632E+00 0.8036E-02 0.1009E+00 0.1635E-01
 -1.0000 0.4979E+00 0.6648E+00 0.7909E-02 0.9920E-01 0.1625E-01
