#*OUTPUT EVTP
#*EVENT NRS IN MEASUREMENT OF TPRIME DISTRIBUTION
#  0.10000E+07     ULUMI (1/NB)
#            2     IPN
#  2002.442000     SED
#     0.100000     X
#     0.020000     XBIN
#    17.500000     QQ
#     5.000000     QQBIN
#     1.000000     ALR
#     0.020000     ALRBIN
#     0.005000     TPBIN
#          200     NBIN
#    -0.004167     TP0 -- TMPMIN(ABS)
#    -0.004169     TP1 -- TMPMIN(ALR)
#     0.029265     RES
#     0.458118     F2N
#*
#*COL1  TP     TPRIME (GEV**2)
#*COL2  PR2    SQUARED RECOIL 3-MOM RF (GEV**2)
#*COL3  PTR    RECOIL TRANSVERSE MOMENTUM (GEV)
#*COL4  FSIG   TAGGED DIFF CROSS SECN (NB/GEV**4)
#*COL5  UNUM   EVENT NUMBER IN BIN
#*COL6  F2/SPOL   TAGGED F2/POLE FACTOR
  0.0100 0.2917E-02 0.5394E-01 0.2872E+01 0.1317E+05 0.4027E+00
  0.0150 0.5417E-02 0.7349E-01 0.2702E+01 0.5498E+04 0.3789E+00
  0.0200 0.7917E-02 0.8882E-01 0.2548E+01 0.2911E+04 0.3572E+00
  0.0250 0.1042E-01 0.1018E+00 0.2406E+01 0.1758E+04 0.3374E+00
  0.0300 0.1292E-01 0.1134E+00 0.2277E+01 0.1153E+04 0.3193E+00
  0.0350 0.1542E-01 0.1238E+00 0.2159E+01 0.8021E+03 0.3027E+00
  0.0400 0.1792E-01 0.1334E+00 0.2049E+01 0.5823E+03 0.2874E+00
  0.0450 0.2042E-01 0.1424E+00 0.1949E+01 0.4368E+03 0.2733E+00
  0.0500 0.2292E-01 0.1508E+00 0.1856E+01 0.3365E+03 0.2602E+00
  0.0550 0.2542E-01 0.1588E+00 0.1769E+01 0.2648E+03 0.2481E+00
  0.0600 0.2792E-01 0.1663E+00 0.1689E+01 0.2121E+03 0.2369E+00
  0.0650 0.3042E-01 0.1736E+00 0.1615E+01 0.1726E+03 0.2265E+00
  0.0700 0.3292E-01 0.1805E+00 0.1546E+01 0.1422E+03 0.2167E+00
  0.0750 0.3542E-01 0.1872E+00 0.1481E+01 0.1185E+03 0.2077E+00
  0.0800 0.3792E-01 0.1936E+00 0.1420E+01 0.9979E+02 0.1992E+00
  0.0850 0.4042E-01 0.1998E+00 0.1364E+01 0.8475E+02 0.1912E+00
  0.0900 0.4292E-01 0.2058E+00 0.1311E+01 0.7255E+02 0.1838E+00
  0.0950 0.4542E-01 0.2116E+00 0.1261E+01 0.6256E+02 0.1768E+00
  0.1000 0.4792E-01 0.2173E+00 0.1214E+01 0.5428E+02 0.1702E+00
  0.1050 0.5042E-01 0.2228E+00 0.1170E+01 0.4738E+02 0.1640E+00
  0.1100 0.5292E-01 0.2282E+00 0.1128E+01 0.4158E+02 0.1582E+00
  0.1150 0.5542E-01 0.2335E+00 0.1089E+01 0.3667E+02 0.1527E+00
  0.1200 0.5792E-01 0.2386E+00 0.1052E+01 0.3249E+02 0.1475E+00
  0.1250 0.6042E-01 0.2436E+00 0.1017E+01 0.2890E+02 0.1426E+00
  0.1300 0.6292E-01 0.2485E+00 0.9833E+00 0.2581E+02 0.1379E+00
  0.1350 0.6542E-01 0.2533E+00 0.9518E+00 0.2314E+02 0.1335E+00
  0.1400 0.6792E-01 0.2580E+00 0.9219E+00 0.2081E+02 0.1293E+00
  0.1450 0.7042E-01 0.2626E+00 0.8934E+00 0.1878E+02 0.1253E+00
  0.1500 0.7292E-01 0.2672E+00 0.8664E+00 0.1699E+02 0.1215E+00
  0.1550 0.7542E-01 0.2716E+00 0.8407E+00 0.1542E+02 0.1179E+00
  0.1600 0.7792E-01 0.2760E+00 0.8162E+00 0.1403E+02 0.1144E+00
  0.1650 0.8042E-01 0.2803E+00 0.7928E+00 0.1280E+02 0.1112E+00
  0.1700 0.8292E-01 0.2845E+00 0.7705E+00 0.1170E+02 0.1080E+00
  0.1750 0.8542E-01 0.2887E+00 0.7492E+00 0.1073E+02 0.1051E+00
  0.1800 0.8792E-01 0.2928E+00 0.7289E+00 0.9850E+01 0.1022E+00
  0.1850 0.9042E-01 0.2968E+00 0.7094E+00 0.9064E+01 0.9948E-01
  0.1900 0.9292E-01 0.3008E+00 0.6908E+00 0.8357E+01 0.9687E-01
  0.1950 0.9542E-01 0.3047E+00 0.6730E+00 0.7720E+01 0.9437E-01
  0.2000 0.9792E-01 0.3086E+00 0.6559E+00 0.7143E+01 0.9198E-01
  0.2050 0.1004E+00 0.3124E+00 0.6396E+00 0.6621E+01 0.8968E-01
  0.2100 0.1029E+00 0.3162E+00 0.6239E+00 0.6147E+01 0.8748E-01
  0.2150 0.1054E+00 0.3199E+00 0.6088E+00 0.5715E+01 0.8537E-01
  0.2200 0.1079E+00 0.3235E+00 0.5943E+00 0.5322E+01 0.8333E-01
  0.2250 0.1104E+00 0.3272E+00 0.5804E+00 0.4962E+01 0.8138E-01
  0.2300 0.1129E+00 0.3307E+00 0.5670E+00 0.4633E+01 0.7950E-01
  0.2350 0.1154E+00 0.3343E+00 0.5541E+00 0.4332E+01 0.7770E-01
  0.2400 0.1179E+00 0.3378E+00 0.5417E+00 0.4055E+01 0.7596E-01
  0.2450 0.1204E+00 0.3412E+00 0.5297E+00 0.3801E+01 0.7428E-01
  0.2500 0.1229E+00 0.3446E+00 0.5182E+00 0.3566E+01 0.7266E-01
  0.2550 0.1254E+00 0.3480E+00 0.5071E+00 0.3350E+01 0.7111E-01
  0.2600 0.1279E+00 0.3513E+00 0.4964E+00 0.3151E+01 0.6960E-01
  0.2650 0.1304E+00 0.3546E+00 0.4860E+00 0.2966E+01 0.6815E-01
  0.2700 0.1329E+00 0.3579E+00 0.4761E+00 0.2795E+01 0.6675E-01
  0.2750 0.1354E+00 0.3611E+00 0.4664E+00 0.2637E+01 0.6540E-01
  0.2800 0.1379E+00 0.3643E+00 0.4571E+00 0.2489E+01 0.6409E-01
  0.2850 0.1404E+00 0.3675E+00 0.4481E+00 0.2352E+01 0.6283E-01
  0.2900 0.1429E+00 0.3707E+00 0.4393E+00 0.2225E+01 0.6161E-01
  0.2950 0.1454E+00 0.3738E+00 0.4309E+00 0.2106E+01 0.6042E-01
  0.3000 0.1479E+00 0.3768E+00 0.4227E+00 0.1996E+01 0.5928E-01
  0.3050 0.1504E+00 0.3799E+00 0.4148E+00 0.1892E+01 0.5817E-01
  0.3100 0.1529E+00 0.3829E+00 0.4072E+00 0.1796E+01 0.5710E-01
  0.3150 0.1554E+00 0.3859E+00 0.3997E+00 0.1706E+01 0.5605E-01
  0.3200 0.1579E+00 0.3889E+00 0.3925E+00 0.1621E+01 0.5504E-01
  0.3250 0.1604E+00 0.3918E+00 0.3856E+00 0.1542E+01 0.5407E-01
  0.3300 0.1629E+00 0.3948E+00 0.3788E+00 0.1467E+01 0.5312E-01
  0.3350 0.1654E+00 0.3976E+00 0.3722E+00 0.1397E+01 0.5219E-01
  0.3400 0.1679E+00 0.4005E+00 0.3658E+00 0.1332E+01 0.5130E-01
  0.3450 0.1704E+00 0.4034E+00 0.3596E+00 0.1270E+01 0.5043E-01
  0.3500 0.1729E+00 0.4062E+00 0.3536E+00 0.1212E+01 0.4959E-01
  0.3550 0.1754E+00 0.4090E+00 0.3478E+00 0.1157E+01 0.4876E-01
  0.3600 0.1779E+00 0.4118E+00 0.3421E+00 0.1106E+01 0.4797E-01
  0.3650 0.1804E+00 0.4145E+00 0.3365E+00 0.1057E+01 0.4719E-01
  0.3700 0.1829E+00 0.4172E+00 0.3312E+00 0.1011E+01 0.4644E-01
  0.3750 0.1854E+00 0.4200E+00 0.3259E+00 0.9674E+00 0.4570E-01
  0.3800 0.1879E+00 0.4227E+00 0.3208E+00 0.9263E+00 0.4499E-01
  0.3850 0.1904E+00 0.4253E+00 0.3159E+00 0.8874E+00 0.4429E-01
  0.3900 0.1929E+00 0.4280E+00 0.3111E+00 0.8506E+00 0.4362E-01
  0.3950 0.1954E+00 0.4306E+00 0.3064E+00 0.8157E+00 0.4296E-01
  0.4000 0.1979E+00 0.4332E+00 0.3018E+00 0.7826E+00 0.4232E-01
  0.4050 0.2004E+00 0.4358E+00 0.2973E+00 0.7513E+00 0.4169E-01
  0.4100 0.2029E+00 0.4384E+00 0.2930E+00 0.7215E+00 0.4108E-01
  0.4150 0.2054E+00 0.4410E+00 0.2887E+00 0.6932E+00 0.4049E-01
  0.4200 0.2079E+00 0.4435E+00 0.2846E+00 0.6664E+00 0.3991E-01
  0.4250 0.2104E+00 0.4460E+00 0.2806E+00 0.6408E+00 0.3934E-01
  0.4300 0.2129E+00 0.4485E+00 0.2766E+00 0.6165E+00 0.3879E-01
  0.4350 0.2154E+00 0.4510E+00 0.2728E+00 0.5934E+00 0.3825E-01
  0.4400 0.2179E+00 0.4535E+00 0.2690E+00 0.5713E+00 0.3772E-01
  0.4450 0.2204E+00 0.4559E+00 0.2654E+00 0.5504E+00 0.3721E-01
  0.4500 0.2229E+00 0.4584E+00 0.2618E+00 0.5303E+00 0.3671E-01
  0.4550 0.2254E+00 0.4608E+00 0.2583E+00 0.5113E+00 0.3622E-01
  0.4600 0.2279E+00 0.4632E+00 0.2549E+00 0.4930E+00 0.3574E-01
  0.4650 0.2304E+00 0.4656E+00 0.2516E+00 0.4757E+00 0.3528E-01
  0.4700 0.2329E+00 0.4680E+00 0.2483E+00 0.4590E+00 0.3482E-01
  0.4750 0.2354E+00 0.4704E+00 0.2451E+00 0.4432E+00 0.3437E-01
  0.4800 0.2379E+00 0.4727E+00 0.2420E+00 0.4280E+00 0.3394E-01
  0.4850 0.2404E+00 0.4751E+00 0.2390E+00 0.4135E+00 0.3351E-01
  0.4900 0.2429E+00 0.4774E+00 0.2360E+00 0.3996E+00 0.3309E-01
  0.4950 0.2454E+00 0.4797E+00 0.2331E+00 0.3863E+00 0.3268E-01
  0.5000 0.2479E+00 0.4820E+00 0.2302E+00 0.3736E+00 0.3228E-01
  0.5050 0.2504E+00 0.4843E+00 0.2274E+00 0.3614E+00 0.3189E-01
  0.5100 0.2529E+00 0.4865E+00 0.2247E+00 0.3497E+00 0.3151E-01
  0.5150 0.2554E+00 0.4888E+00 0.2220E+00 0.3385E+00 0.3114E-01
  0.5200 0.2579E+00 0.4910E+00 0.2194E+00 0.3277E+00 0.3077E-01
  0.5250 0.2604E+00 0.4933E+00 0.2169E+00 0.3174E+00 0.3041E-01
  0.5300 0.2629E+00 0.4955E+00 0.2144E+00 0.3075E+00 0.3006E-01
  0.5350 0.2654E+00 0.4977E+00 0.2119E+00 0.2980E+00 0.2971E-01
  0.5400 0.2679E+00 0.4999E+00 0.2095E+00 0.2889E+00 0.2938E-01
  0.5450 0.2704E+00 0.5021E+00 0.2071E+00 0.2801E+00 0.2904E-01
  0.5500 0.2729E+00 0.5042E+00 0.2048E+00 0.2717E+00 0.2872E-01
  0.5550 0.2754E+00 0.5064E+00 0.2025E+00 0.2636E+00 0.2840E-01
  0.5600 0.2779E+00 0.5085E+00 0.2003E+00 0.2558E+00 0.2809E-01
  0.5650 0.2804E+00 0.5107E+00 0.1981E+00 0.2482E+00 0.2778E-01
  0.5700 0.2829E+00 0.5128E+00 0.1960E+00 0.2410E+00 0.2748E-01
  0.5750 0.2854E+00 0.5149E+00 0.1939E+00 0.2341E+00 0.2719E-01
  0.5800 0.2879E+00 0.5170E+00 0.1919E+00 0.2274E+00 0.2690E-01
  0.5850 0.2904E+00 0.5191E+00 0.1898E+00 0.2209E+00 0.2662E-01
  0.5900 0.2929E+00 0.5212E+00 0.1879E+00 0.2147E+00 0.2634E-01
  0.5950 0.2954E+00 0.5232E+00 0.1859E+00 0.2087E+00 0.2607E-01
  0.6000 0.2979E+00 0.5253E+00 0.1840E+00 0.2029E+00 0.2580E-01
  0.6050 0.3004E+00 0.5274E+00 0.1821E+00 0.1973E+00 0.2554E-01
  0.6100 0.3029E+00 0.5294E+00 0.1803E+00 0.1919E+00 0.2528E-01
  0.6150 0.3054E+00 0.5314E+00 0.1785E+00 0.1867E+00 0.2503E-01
  0.6200 0.3079E+00 0.5334E+00 0.1767E+00 0.1817E+00 0.2478E-01
  0.6250 0.3104E+00 0.5355E+00 0.1750E+00 0.1769E+00 0.2454E-01
  0.6300 0.3129E+00 0.5375E+00 0.1733E+00 0.1722E+00 0.2430E-01
  0.6350 0.3154E+00 0.5394E+00 0.1716E+00 0.1677E+00 0.2406E-01
  0.6400 0.3179E+00 0.5414E+00 0.1699E+00 0.1633E+00 0.2383E-01
  0.6450 0.3204E+00 0.5434E+00 0.1683E+00 0.1591E+00 0.2360E-01
  0.6500 0.3229E+00 0.5454E+00 0.1667E+00 0.1550E+00 0.2338E-01
  0.6550 0.3254E+00 0.5473E+00 0.1651E+00 0.1511E+00 0.2316E-01
  0.6600 0.3279E+00 0.5493E+00 0.1636E+00 0.1472E+00 0.2294E-01
  0.6650 0.3304E+00 0.5512E+00 0.1621E+00 0.1435E+00 0.2273E-01
  0.6700 0.3329E+00 0.5531E+00 0.1606E+00 0.1400E+00 0.2252E-01
  0.6750 0.3354E+00 0.5550E+00 0.1591E+00 0.1365E+00 0.2232E-01
  0.6800 0.3379E+00 0.5570E+00 0.1577E+00 0.1331E+00 0.2211E-01
  0.6850 0.3404E+00 0.5589E+00 0.1563E+00 0.1299E+00 0.2191E-01
  0.6900 0.3429E+00 0.5608E+00 0.1549E+00 0.1268E+00 0.2172E-01
  0.6950 0.3454E+00 0.5626E+00 0.1535E+00 0.1237E+00 0.2153E-01
  0.7000 0.3479E+00 0.5645E+00 0.1522E+00 0.1207E+00 0.2134E-01
  0.7050 0.3504E+00 0.5664E+00 0.1508E+00 0.1179E+00 0.2115E-01
  0.7100 0.3529E+00 0.5682E+00 0.1495E+00 0.1151E+00 0.2097E-01
  0.7150 0.3554E+00 0.5701E+00 0.1483E+00 0.1124E+00 0.2079E-01
  0.7200 0.3579E+00 0.5719E+00 0.1470E+00 0.1098E+00 0.2061E-01
  0.7250 0.3604E+00 0.5738E+00 0.1457E+00 0.1073E+00 0.2044E-01
  0.7300 0.3629E+00 0.5756E+00 0.1445E+00 0.1048E+00 0.2027E-01
  0.7350 0.3654E+00 0.5774E+00 0.1433E+00 0.1024E+00 0.2010E-01
  0.7400 0.3679E+00 0.5792E+00 0.1421E+00 0.1001E+00 0.1993E-01
  0.7450 0.3704E+00 0.5811E+00 0.1410E+00 0.9785E-01 0.1977E-01
  0.7500 0.3729E+00 0.5828E+00 0.1398E+00 0.9567E-01 0.1960E-01
  0.7550 0.3754E+00 0.5846E+00 0.1387E+00 0.9354E-01 0.1944E-01
  0.7600 0.3779E+00 0.5864E+00 0.1375E+00 0.9148E-01 0.1929E-01
  0.7650 0.3804E+00 0.5882E+00 0.1364E+00 0.8948E-01 0.1913E-01
  0.7700 0.3829E+00 0.5900E+00 0.1354E+00 0.8753E-01 0.1898E-01
  0.7750 0.3854E+00 0.5917E+00 0.1343E+00 0.8564E-01 0.1883E-01
  0.7800 0.3879E+00 0.5935E+00 0.1332E+00 0.8380E-01 0.1868E-01
  0.7850 0.3904E+00 0.5952E+00 0.1322E+00 0.8201E-01 0.1854E-01
  0.7900 0.3929E+00 0.5970E+00 0.1312E+00 0.8027E-01 0.1839E-01
  0.7950 0.3954E+00 0.5987E+00 0.1302E+00 0.7858E-01 0.1825E-01
  0.8000 0.3979E+00 0.6005E+00 0.1292E+00 0.7693E-01 0.1811E-01
  0.8050 0.4004E+00 0.6022E+00 0.1282E+00 0.7533E-01 0.1798E-01
  0.8100 0.4029E+00 0.6039E+00 0.1272E+00 0.7377E-01 0.1784E-01
  0.8150 0.4054E+00 0.6056E+00 0.1263E+00 0.7225E-01 0.1771E-01
  0.8200 0.4079E+00 0.6073E+00 0.1253E+00 0.7077E-01 0.1758E-01
  0.8250 0.4104E+00 0.6090E+00 0.1244E+00 0.6933E-01 0.1745E-01
  0.8300 0.4129E+00 0.6107E+00 0.1235E+00 0.6793E-01 0.1732E-01
  0.8350 0.4154E+00 0.6124E+00 0.1226E+00 0.6657E-01 0.1719E-01
  0.8400 0.4179E+00 0.6141E+00 0.1217E+00 0.6524E-01 0.1707E-01
  0.8450 0.4204E+00 0.6157E+00 0.1208E+00 0.6394E-01 0.1694E-01
  0.8500 0.4229E+00 0.6174E+00 0.1200E+00 0.6268E-01 0.1682E-01
  0.8550 0.4254E+00 0.6190E+00 0.1191E+00 0.6145E-01 0.1670E-01
  0.8600 0.4279E+00 0.6207E+00 0.1183E+00 0.6025E-01 0.1659E-01
  0.8650 0.4304E+00 0.6224E+00 0.1174E+00 0.5908E-01 0.1647E-01
  0.8700 0.4329E+00 0.6240E+00 0.1166E+00 0.5794E-01 0.1635E-01
  0.8750 0.4354E+00 0.6256E+00 0.1158E+00 0.5683E-01 0.1624E-01
  0.8800 0.4379E+00 0.6273E+00 0.1150E+00 0.5575E-01 0.1613E-01
  0.8850 0.4404E+00 0.6289E+00 0.1142E+00 0.5469E-01 0.1602E-01
  0.8900 0.4429E+00 0.6305E+00 0.1135E+00 0.5366E-01 0.1591E-01
  0.8950 0.4454E+00 0.6321E+00 0.1127E+00 0.5265E-01 0.1580E-01
  0.9000 0.4479E+00 0.6337E+00 0.1119E+00 0.5167E-01 0.1570E-01
  0.9050 0.4504E+00 0.6353E+00 0.1112E+00 0.5071E-01 0.1559E-01
  0.9100 0.4529E+00 0.6369E+00 0.1104E+00 0.4978E-01 0.1549E-01
  0.9150 0.4554E+00 0.6385E+00 0.1097E+00 0.4886E-01 0.1539E-01
  0.9200 0.4579E+00 0.6401E+00 0.1090E+00 0.4797E-01 0.1528E-01
  0.9250 0.4604E+00 0.6417E+00 0.1083E+00 0.4710E-01 0.1518E-01
  0.9300 0.4629E+00 0.6432E+00 0.1076E+00 0.4625E-01 0.1509E-01
  0.9350 0.4654E+00 0.6448E+00 0.1069E+00 0.4542E-01 0.1499E-01
  0.9400 0.4679E+00 0.6464E+00 0.1062E+00 0.4461E-01 0.1489E-01
  0.9450 0.4704E+00 0.6479E+00 0.1055E+00 0.4382E-01 0.1480E-01
  0.9500 0.4729E+00 0.6495E+00 0.1049E+00 0.4304E-01 0.1470E-01
  0.9550 0.4754E+00 0.6510E+00 0.1042E+00 0.4229E-01 0.1461E-01
  0.9600 0.4779E+00 0.6526E+00 0.1036E+00 0.4155E-01 0.1452E-01
  0.9650 0.4804E+00 0.6541E+00 0.1029E+00 0.4082E-01 0.1443E-01
  0.9700 0.4829E+00 0.6557E+00 0.1023E+00 0.4012E-01 0.1434E-01
  0.9750 0.4854E+00 0.6572E+00 0.1016E+00 0.3943E-01 0.1425E-01
  0.9800 0.4879E+00 0.6587E+00 0.1010E+00 0.3875E-01 0.1417E-01
  0.9850 0.4904E+00 0.6602E+00 0.1004E+00 0.3809E-01 0.1408E-01
  0.9900 0.4929E+00 0.6617E+00 0.9980E-01 0.3744E-01 0.1399E-01
  0.9950 0.4954E+00 0.6632E+00 0.9920E-01 0.3681E-01 0.1391E-01
  1.0000 0.4979E+00 0.6648E+00 0.9861E-01 0.3619E-01 0.1383E-01
  1.0050 0.5004E+00 0.6663E+00 0.9802E-01 0.3559E-01 0.1374E-01
