# OUTPUT OF MISAK MODEL. NUMBER:2
#   F2N is      0.33
#COL1 tp - momentum of proton in nucleus
#COL2  p_rt- transverse momentum of recoil nucleon vs q
#COL3 si-integrated cross section by recoil nucleons         azimuthal angle
  0.0050 0.2037E-01 0.3701E+04
  0.0100 0.5394E-01 0.8645E+03
  0.0150 0.7349E-01 0.3594E+03
  0.0200 0.8882E-01 0.1896E+03
  0.0250 0.1018E+00 0.1140E+03
  0.0300 0.1134E+00 0.7455E+02
  0.0350 0.1238E+00 0.5169E+02
  0.0400 0.1334E+00 0.3742E+02
  0.0450 0.1424E+00 0.2801E+02
  0.0500 0.1508E+00 0.2153E+02
  0.0550 0.1588E+00 0.1692E+02
  0.0600 0.1663E+00 0.1354E+02
  0.0650 0.1736E+00 0.1100E+02
  0.0700 0.1805E+00 0.9064E+01
  0.0750 0.1872E+00 0.7555E+01
  0.0800 0.1936E+00 0.6364E+01
  0.0850 0.1998E+00 0.5409E+01
  0.0900 0.2058E+00 0.4637E+01
  0.0950 0.2116E+00 0.4006E+01
  0.1000 0.2173E+00 0.3485E+01
  0.1050 0.2228E+00 0.3051E+01
  0.1100 0.2282E+00 0.2687E+01
  0.1150 0.2335E+00 0.2379E+01
  0.1200 0.2386E+00 0.2118E+01
  0.1250 0.2436E+00 0.1895E+01
  0.1300 0.2485E+00 0.1702E+01
  0.1350 0.2533E+00 0.1535E+01
  0.1400 0.2580E+00 0.1391E+01
  0.1450 0.2626E+00 0.1265E+01
  0.1500 0.2672E+00 0.1155E+01
  0.1550 0.2716E+00 0.1057E+01
  0.1600 0.2760E+00 0.9709E+00
  0.1650 0.2803E+00 0.8949E+00
  0.1700 0.2845E+00 0.8274E+00
  0.1750 0.2887E+00 0.7669E+00
  0.1800 0.2928E+00 0.7128E+00
  0.1850 0.2968E+00 0.6641E+00
  0.1900 0.3008E+00 0.6206E+00
  0.1950 0.3047E+00 0.5809E+00
  0.2000 0.3086E+00 0.5452E+00
  0.2050 0.3124E+00 0.5130E+00
  0.2100 0.3162E+00 0.4834E+00
  0.2150 0.3199E+00 0.4561E+00
  0.2200 0.3235E+00 0.4317E+00
  0.2250 0.3272E+00 0.4092E+00
  0.2300 0.3307E+00 0.3885E+00
  0.2350 0.3343E+00 0.3693E+00
  0.2400 0.3378E+00 0.3519E+00
  0.2450 0.3412E+00 0.3357E+00
  0.2500 0.3446E+00 0.3207E+00
  0.2550 0.3480E+00 0.3068E+00
  0.2600 0.3513E+00 0.2938E+00
  0.2650 0.3546E+00 0.2819E+00
  0.2700 0.3579E+00 0.2707E+00
  0.2750 0.3611E+00 0.2603E+00
  0.2800 0.3643E+00 0.2505E+00
  0.2850 0.3675E+00 0.2413E+00
  0.2900 0.3707E+00 0.2328E+00
  0.2950 0.3738E+00 0.2247E+00
  0.3000 0.3768E+00 0.2171E+00
  0.3050 0.3799E+00 0.2100E+00
  0.3100 0.3829E+00 0.2033E+00
  0.3150 0.3859E+00 0.1968E+00
  0.3200 0.3889E+00 0.1909E+00
  0.3250 0.3918E+00 0.1852E+00
  0.3300 0.3948E+00 0.1798E+00
  0.3350 0.3976E+00 0.1747E+00
  0.3400 0.4005E+00 0.1698E+00
  0.3450 0.4034E+00 0.1651E+00
  0.3500 0.4062E+00 0.1607E+00
  0.3550 0.4090E+00 0.1565E+00
  0.3600 0.4118E+00 0.1525E+00
  0.3650 0.4145E+00 0.1486E+00
  0.3700 0.4172E+00 0.1450E+00
  0.3750 0.4200E+00 0.1414E+00
  0.3800 0.4227E+00 0.1381E+00
  0.3850 0.4253E+00 0.1348E+00
  0.3900 0.4280E+00 0.1317E+00
  0.3950 0.4306E+00 0.1287E+00
  0.4000 0.4332E+00 0.1259E+00
  0.4050 0.4358E+00 0.1231E+00
  0.4100 0.4384E+00 0.1204E+00
  0.4150 0.4410E+00 0.1179E+00
  0.4200 0.4435E+00 0.1154E+00
  0.4250 0.4460E+00 0.1130E+00
  0.4300 0.4485E+00 0.1107E+00
  0.4350 0.4510E+00 0.1085E+00
  0.4400 0.4535E+00 0.1064E+00
  0.4450 0.4559E+00 0.1043E+00
  0.4500 0.4584E+00 0.1023E+00
  0.4550 0.4608E+00 0.1003E+00
  0.4600 0.4632E+00 0.9842E-01
  0.4650 0.4656E+00 0.9660E-01
  0.4700 0.4680E+00 0.9475E-01
  0.4750 0.4704E+00 0.9305E-01
  0.4800 0.4727E+00 0.9141E-01
  0.4850 0.4751E+00 0.8974E-01
  0.4900 0.4774E+00 0.8813E-01
  0.4950 0.4797E+00 0.8660E-01
  0.5000 0.4820E+00 0.8508E-01
  0.5050 0.4843E+00 0.8361E-01
  0.5100 0.4865E+00 0.8225E-01
  0.5150 0.4888E+00 0.8079E-01
  0.5200 0.4910E+00 0.7947E-01
  0.5250 0.4933E+00 0.7816E-01
  0.5300 0.4955E+00 0.7685E-01
  0.5350 0.4977E+00 0.7559E-01
  0.5400 0.4999E+00 0.7440E-01
  0.5450 0.5021E+00 0.7315E-01
  0.5500 0.5042E+00 0.7197E-01
  0.5550 0.5064E+00 0.7090E-01
  0.5600 0.5085E+00 0.6974E-01
  0.5650 0.5107E+00 0.6867E-01
  0.5700 0.5128E+00 0.6759E-01
  0.5750 0.5149E+00 0.6653E-01
  0.5800 0.5170E+00 0.6547E-01
  0.5850 0.5191E+00 0.6448E-01
  0.5900 0.5212E+00 0.6349E-01
  0.5950 0.5232E+00 0.6258E-01
  0.6000 0.5253E+00 0.6161E-01
  0.6050 0.5274E+00 0.6075E-01
  0.6100 0.5294E+00 0.5987E-01
  0.6150 0.5314E+00 0.5896E-01
  0.6200 0.5334E+00 0.5810E-01
  0.6250 0.5355E+00 0.5727E-01
  0.6300 0.5375E+00 0.5637E-01
  0.6350 0.5394E+00 0.5559E-01
  0.6400 0.5414E+00 0.5478E-01
  0.6450 0.5434E+00 0.5401E-01
  0.6500 0.5454E+00 0.5331E-01
  0.6550 0.5473E+00 0.5248E-01
  0.6600 0.5493E+00 0.5175E-01
  0.6650 0.5512E+00 0.5103E-01
  0.6700 0.5531E+00 0.5032E-01
  0.6750 0.5550E+00 0.4962E-01
  0.6800 0.5570E+00 0.4889E-01
  0.6850 0.5589E+00 0.4823E-01
  0.6900 0.5608E+00 0.4763E-01
  0.6950 0.5626E+00 0.4691E-01
  0.7000 0.5645E+00 0.4628E-01
  0.7050 0.5664E+00 0.4566E-01
  0.7100 0.5682E+00 0.4505E-01
  0.7150 0.5701E+00 0.4441E-01
  0.7200 0.5719E+00 0.4390E-01
  0.7250 0.5738E+00 0.4327E-01
  0.7300 0.5756E+00 0.4271E-01
  0.7350 0.5774E+00 0.4215E-01
  0.7400 0.5792E+00 0.4159E-01
  0.7450 0.5811E+00 0.4100E-01
  0.7500 0.5828E+00 0.4046E-01
  0.7550 0.5846E+00 0.3996E-01
  0.7600 0.5864E+00 0.3940E-01
  0.7650 0.5882E+00 0.3891E-01
  0.7700 0.5900E+00 0.3842E-01
  0.7750 0.5917E+00 0.3792E-01
  0.7800 0.5935E+00 0.3744E-01
  0.7850 0.5952E+00 0.3695E-01
  0.7900 0.5970E+00 0.3645E-01
  0.7950 0.5987E+00 0.3606E-01
  0.8000 0.6005E+00 0.3560E-01
  0.8050 0.6022E+00 0.3507E-01
  0.8100 0.6039E+00 0.3471E-01
  0.8150 0.6056E+00 0.3419E-01
  0.8200 0.6073E+00 0.3383E-01
  0.8250 0.6090E+00 0.3332E-01
  0.8300 0.6107E+00 0.3291E-01
  0.8350 0.6124E+00 0.3249E-01
  0.8400 0.6141E+00 0.3216E-01
  0.8450 0.6157E+00 0.3174E-01
  0.8500 0.6174E+00 0.3136E-01
  0.8550 0.6190E+00 0.3092E-01
  0.8600 0.6207E+00 0.3057E-01
  0.8650 0.6224E+00 0.3019E-01
  0.8700 0.6240E+00 0.2980E-01
  0.8750 0.6256E+00 0.2943E-01
  0.8800 0.6273E+00 0.2905E-01
  0.8850 0.6289E+00 0.2874E-01
  0.8900 0.6305E+00 0.2838E-01
  0.8950 0.6321E+00 0.2803E-01
  0.9000 0.6337E+00 0.2763E-01
  0.9050 0.6353E+00 0.2736E-01
  0.9100 0.6369E+00 0.2704E-01
  0.9150 0.6385E+00 0.2667E-01
  0.9200 0.6401E+00 0.2638E-01
  0.9250 0.6417E+00 0.2603E-01
  0.9300 0.6432E+00 0.2574E-01
  0.9350 0.6448E+00 0.2545E-01
  0.9400 0.6464E+00 0.2515E-01
  0.9450 0.6479E+00 0.2486E-01
  0.9500 0.6495E+00 0.2459E-01
  0.9550 0.6510E+00 0.2425E-01
  0.9600 0.6526E+00 0.2401E-01
  0.9650 0.6541E+00 0.2364E-01
  0.9700 0.6557E+00 0.2338E-01
  0.9750 0.6572E+00 0.2308E-01
  0.9800 0.6587E+00 0.2283E-01
  0.9850 0.6602E+00 0.2260E-01
  0.9900 0.6617E+00 0.2234E-01
  0.9950 0.6632E+00 0.2200E-01
  1.0000 0.6648E+00 0.2178E-01
